2022-03-01 18:14:55,033 - root - INFO - ******************** Test_001_Login***************
2022-03-01 18:14:55,049 - root - INFO - *****************Verifying Home Page Title***************
2022-03-01 18:14:55,049 - root - INFO - ****Opening URL****
2022-03-01 18:14:59,580 - root - INFO - ******************Home Page Title is TC is PASS!******************
2022-03-01 18:15:02,279 - root - INFO - ************************Verifying Login Test******************
2022-03-01 18:15:18,757 - root - INFO - ************************ Login Test PASSED!************************
2022-03-01 18:34:42,076 - root - INFO - ******************** Test_001_Login***************
2022-03-01 18:34:42,080 - root - INFO - *****************Verifying Home Page Title***************
2022-03-01 18:34:42,080 - root - INFO - ****Opening URL****
2022-03-01 18:34:46,236 - root - INFO - ******************Home Page Title is TC is PASS!******************
2022-03-01 18:34:49,109 - root - INFO - ************************Verifying Login Test******************
2022-03-01 18:35:05,902 - root - INFO - ************************ Login Test PASSED!************************
2022-03-01 18:41:19,931 - root - INFO - ******************** Test_001_Login***************
2022-03-01 18:41:19,937 - root - INFO - *****************Verifying Home Page Title***************
2022-03-01 18:41:19,938 - root - INFO - ****Opening URL****
2022-03-01 18:41:36,950 - root - INFO - ******************Home Page Title is TC is PASS!******************
2022-03-01 18:41:45,947 - root - INFO - ************************Verifying Login Test******************
2022-03-01 18:42:23,668 - root - INFO - ************************ Login Test PASSED!************************
2022-03-01 19:07:44,723 - root - INFO - ******************** Test_001_Login***************
**********
2022-03-01 19:07:44,773 - root - INFO - *****************Verifying Home Page Title***************
2022-03-01 19:07:44,773 - root - INFO - ****Opening URL****
2022-03-01 19:07:50,017 - root - INFO - ******************Home Page Title is TC is PASS!******************
2022-03-01 19:08:00,156 - root - INFO - ************************ Login Test PASSED!************************
2022-03-01 19:32:33,890 - root - INFO - ******************** Test_001_Login***************
**********
2022-03-01 19:32:33,897 - root - INFO - *****************Verifying Home Page Title***************
2022-03-01 19:32:33,897 - root - INFO - ****Opening URL****
2022-03-01 19:32:38,685 - root - INFO - ******************Home Page Title is TC is PASS!******************
2022-03-01 19:32:52,028 - root - INFO - ************************ Login Test PASSED!************************
2022-03-01 21:45:58,298 - root - INFO - ****************** Test_002_DDT_Login:**********
2022-03-01 21:45:58,321 - root - INFO - ************************Verifying Login DDT Test******************
2022-03-01 21:47:50,340 - root - INFO - ****************** Test_002_DDT_Login:**********
2022-03-01 21:47:50,344 - root - INFO - ************************Verifying Login DDT Test******************
2022-03-01 21:48:45,613 - root - INFO - ****************** Test_002_DDT_Login:**********
2022-03-01 21:48:45,625 - root - INFO - ************************Verifying Login DDT Test******************
2022-03-01 21:53:13,037 - root - INFO - ****************** Test_002_DDT_Login:**********
2022-03-01 21:53:13,051 - root - INFO - ************************Verifying Login DDT Test******************
2022-03-01 21:53:32,173 - root - INFO - ****************Test Passed !!******************
2022-03-01 21:53:33,650 - root - INFO - Login DDT Test Passed.........
2022-03-01 21:57:45,761 - root - INFO - ****************** Test_002_DDT_Login:**********
2022-03-01 21:57:45,764 - root - INFO - ************************Verifying Login DDT Test******************
2022-03-01 22:00:07,601 - root - INFO - ****************** Test_002_DDT_Login:**********
2022-03-01 22:00:07,610 - root - INFO - ************************Verifying Login DDT Test******************
2022-03-01 22:00:26,773 - root - INFO - ****************Test Passed !!******************
2022-03-01 22:00:28,226 - root - INFO - Login DDT Test Passed.........
2022-03-01 22:02:30,668 - root - INFO - ****************** Test_002_DDT_Login:**********
2022-03-01 22:02:30,674 - root - INFO - ************************Verifying Login DDT Test******************
2022-03-01 22:02:47,776 - root - INFO - ****************Test Passed !!******************
2022-03-01 22:03:19,821 - root - INFO - ****************Test Passed !!******************
2022-03-01 22:07:18,218 - root - INFO - ****************** Test_002_DDT_Login:**********
2022-03-01 22:07:18,222 - root - INFO - ************************Verifying Login DDT Test******************
2022-03-01 22:07:34,446 - root - INFO - ****************Test Passed !!******************
2022-03-01 22:07:44,502 - root - INFO - ****************Test Passed !!******************
2022-03-01 22:10:59,955 - root - INFO - ****************** Test_002_DDT_Login:**********
2022-03-01 22:10:59,972 - root - INFO - ************************Verifying Login DDT Test******************
2022-03-01 22:11:15,628 - root - INFO - ****************Test Passed !!******************
2022-03-01 22:11:26,092 - root - INFO - ****************Test Passed !!******************
2022-03-01 22:14:41,707 - root - INFO - ****************** Test_002_DDT_Login:**********
2022-03-01 22:14:41,712 - root - INFO - ************************Verifying Login DDT Test******************
2022-03-01 22:14:58,083 - root - INFO - ****************Test Passed !!******************
2022-03-01 22:18:42,175 - root - INFO - ******* Starting Test_002_DDT_Login Test **********
2022-03-01 22:18:42,179 - root - INFO - ******* Starting Login DDT Test **********
2022-03-01 22:19:05,405 - root - INFO - **** passed ****
2022-03-01 22:19:15,598 - root - INFO - **** passed ****
2022-03-01 22:28:26,995 - root - INFO - ******* Starting Test_002_DDT_Login Test **********
2022-03-01 22:28:26,999 - root - INFO - ******* Starting Login DDT Test **********
2022-03-01 22:28:43,347 - root - INFO - **** passed ****
2022-03-01 22:28:53,482 - root - INFO - **** passed ****
2022-03-01 22:30:40,212 - root - INFO - ******* Starting Test_002_DDT_Login Test **********
2022-03-01 22:30:40,216 - root - INFO - ******* Starting Login DDT Test **********
2022-03-01 22:30:55,790 - root - INFO - **** passed ****
2022-03-01 22:31:06,146 - root - INFO - **** passed ****
2022-03-01 22:31:14,834 - root - INFO - **** passed ****
2022-03-01 22:31:23,550 - root - INFO - **** passed ****
2022-03-01 22:31:23,550 - root - INFO - ******* DDT Login test passed **********
2022-03-01 22:31:23,629 - root - INFO - ******* End of Login DDT Test **********
2022-03-01 22:31:23,630 - root - INFO - **************** Completed  TC_LoginDDT_002 ************* 
2022-03-01 22:39:04,404 - root - INFO - ******************** Test_001_Login***************
2022-03-01 22:39:04,410 - root - INFO - *****************Verifying Home Page Title***************
2022-03-01 22:39:04,410 - root - INFO - ****Opening URL****
2022-03-01 22:39:04,449 - root - INFO - ************************Verifying Login Test******************
2022-03-01 22:39:08,021 - root - INFO - ******************Home Page Title is TC is PASS!******************
2022-03-01 22:40:10,091 - root - INFO - ******************** Test_001_Login***************
**********
2022-03-01 22:40:10,100 - root - INFO - *****************Verifying Home Page Title***************
2022-03-01 22:40:10,101 - root - INFO - ****Opening URL****
2022-03-01 22:40:13,837 - root - INFO - ******************Home Page Title is TC is PASS!******************
2022-03-01 22:51:52,161 - root - INFO - ************************Verifying Login Test******************
2022-03-01 22:51:52,338 - root - INFO - ******************** Test_001_Login***************
2022-03-01 22:51:52,339 - root - INFO - *****************Verifying Home Page Title***************
2022-03-01 22:51:52,340 - root - INFO - ****Opening URL****
2022-03-01 22:51:55,787 - root - INFO - ******************Home Page Title is TC is PASS!******************
2022-03-01 22:52:06,187 - root - INFO - ************************ Login Test PASSED!************************
2022-03-02 07:03:02,038 - root - INFO - ******* Starting Test_002_DDT_Login Test **********
2022-03-02 07:03:02,058 - root - INFO - ******* Starting Login DDT Test **********
2022-03-02 07:03:20,405 - root - INFO - **** passed ****
2022-03-02 07:03:30,839 - root - INFO - **** passed ****
2022-03-02 07:03:39,574 - root - INFO - **** passed ****
2022-03-02 07:03:48,230 - root - INFO - **** passed ****
2022-03-02 07:03:48,230 - root - INFO - ******* DDT Login test passed **********
2022-03-02 07:03:48,634 - root - INFO - ******* End of Login DDT Test **********
2022-03-02 07:03:48,634 - root - INFO - **************** Completed  TC_LoginDDT_002 ************* 
2022-03-02 12:28:27,417 - root - INFO - ******************** Test_001_Login***************
2022-03-02 12:28:27,422 - root - INFO - *****************Verifying Home Page Title***************
2022-03-02 12:28:27,422 - root - INFO - ****Opening URL****
2022-03-02 12:28:27,496 - root - INFO - ************************Verifying Login Test******************
2022-03-02 12:28:29,861 - root - INFO - ******************Home Page Title is TC is PASS!******************
2022-03-02 12:28:36,457 - root - ERROR - ********************* Logging Test FAILED!**********************
2022-03-02 12:29:37,765 - root - INFO - ******************** Test_001_Login***************
2022-03-02 12:29:37,770 - root - INFO - *****************Verifying Home Page Title***************
2022-03-02 12:29:37,770 - root - INFO - ****Opening URL****
2022-03-02 12:29:38,205 - root - INFO - ************************Verifying Login Test******************
2022-03-02 12:29:40,735 - root - INFO - ******************Home Page Title is TC is PASS!******************
2022-03-02 12:29:51,948 - root - INFO - ************************ Login Test PASSED!************************
2022-03-02 12:32:10,609 - root - INFO - ******************** Test_001_Login***************
2022-03-02 12:32:10,614 - root - INFO - *****************Verifying Home Page Title***************
2022-03-02 12:32:10,615 - root - INFO - ****Opening URL****
2022-03-02 12:32:12,704 - root - INFO - ******************Home Page Title is TC is PASS!******************
2022-03-02 12:32:14,582 - root - INFO - ************************Verifying Login Test******************
2022-03-02 12:32:27,931 - root - INFO - ************************ Login Test PASSED!************************
2022-03-02 12:33:52,536 - root - INFO - ******************** Test_001_Login***************
2022-03-02 12:33:52,547 - root - INFO - *****************Verifying Home Page Title***************
2022-03-02 12:33:52,548 - root - INFO - ****Opening URL****
2022-03-02 12:33:55,981 - root - INFO - ******************Home Page Title is TC is PASS!******************
2022-03-02 12:33:58,858 - root - INFO - ************************Verifying Login Test******************
2022-03-02 12:35:15,599 - root - INFO - ******************** Test_001_Login***************
2022-03-02 12:35:15,608 - root - INFO - *****************Verifying Home Page Title***************
2022-03-02 12:35:15,609 - root - INFO - ****Opening URL****
2022-03-02 12:35:19,005 - root - INFO - ******************Home Page Title is TC is PASS!******************
2022-03-02 12:35:22,578 - root - INFO - ************************Verifying Login Test******************
2022-03-02 12:35:37,376 - root - INFO - ************************ Login Test PASSED!************************
2022-03-02 12:37:21,230 - root - INFO - ******* Starting Test_002_DDT_Login Test **********
2022-03-02 12:37:21,237 - root - INFO - ******* Starting Login DDT Test **********
2022-03-02 12:37:36,613 - root - INFO - **** passed ****
2022-03-02 12:37:49,734 - root - INFO - **** passed ****
2022-03-02 12:37:58,428 - root - INFO - **** passed ****
2022-03-02 12:38:07,097 - root - INFO - **** passed ****
2022-03-02 12:38:07,098 - root - INFO - ******* DDT Login test passed **********
2022-03-02 12:38:07,268 - root - INFO - ******* End of Login DDT Test **********
2022-03-02 12:38:07,268 - root - INFO - **************** Completed  TC_LoginDDT_002 ************* 
2022-03-02 12:39:36,013 - root - INFO - ******* Starting Test_002_DDT_Login Test **********
2022-03-02 12:39:36,019 - root - INFO - ******* Starting Login DDT Test **********
2022-03-02 12:39:52,475 - root - INFO - **** passed ****
2022-03-02 12:40:05,600 - root - INFO - **** passed ****
2022-03-02 12:40:14,323 - root - INFO - **** passed ****
2022-03-02 12:40:22,964 - root - INFO - **** passed ****
2022-03-02 12:40:22,965 - root - INFO - ******* DDT Login test passed **********
2022-03-02 12:40:23,063 - root - INFO - ******* End of Login DDT Test **********
2022-03-02 12:40:23,065 - root - INFO - **************** Completed  TC_LoginDDT_002 ************* 
2022-03-02 13:25:45,542 - root - INFO - ************* Test_003_AddCustomer **********
2022-03-02 13:25:56,914 - root - INFO - ************* Login successful **********
2022-03-02 13:25:56,914 - root - INFO - ******* Starting Add Customer Test **********
2022-03-02 15:40:57,323 - root - INFO - ************* Test_003_AddCustomer **********
2022-03-02 15:41:12,296 - root - INFO - ************* Login successful **********
2022-03-02 15:41:12,296 - root - INFO - ******* Starting Add Customer Test **********
2022-03-02 15:46:12,020 - root - INFO - ************* Test_003_AddCustomer **********
2022-03-02 15:46:22,741 - root - INFO - ************* Login successful **********
2022-03-02 15:46:22,741 - root - INFO - ******* Starting Add Customer Test **********
2022-03-02 15:48:20,987 - root - INFO - ************* Test_003_AddCustomer **********
2022-03-02 15:48:32,263 - root - INFO - ************* Login successful **********
2022-03-02 15:48:32,263 - root - INFO - ******* Starting Add Customer Test **********
2022-03-02 15:49:58,210 - root - INFO - ************* Test_003_AddCustomer **********
2022-03-02 15:50:09,499 - root - INFO - ************* Login successful **********
2022-03-02 15:50:09,499 - root - INFO - ******* Starting Add Customer Test **********
2022-03-02 15:52:18,999 - root - INFO - ************* Test_003_AddCustomer **********
2022-03-02 15:52:30,175 - root - INFO - ************* Login successful **********
2022-03-02 15:52:30,175 - root - INFO - ******* Starting Add Customer Test **********
2022-03-02 15:52:38,434 - root - INFO - ************* Providing customer info **********
2022-03-02 15:54:13,130 - root - INFO - ************* Test_003_AddCustomer **********
2022-03-02 15:54:24,868 - root - INFO - ************* Login successful **********
2022-03-02 15:54:24,869 - root - INFO - ******* Starting Add Customer Test **********
2022-03-02 15:54:33,386 - root - INFO - ************* Providing customer info **********
2022-03-02 15:54:45,161 - root - INFO - ************* Saving customer info **********
2022-03-02 15:54:45,161 - root - INFO - ********* Add customer validation started *****************
2022-03-02 15:54:45,263 - root - INFO - ********* Add customer Test Passed *********
2022-03-02 15:54:45,356 - root - INFO - ******* Ending Add customer test **********
2022-03-02 15:58:53,350 - root - INFO - ************* Test_003_AddCustomer **********
2022-03-02 15:59:04,091 - root - INFO - ************* Login successful **********
2022-03-02 15:59:04,091 - root - INFO - ******* Starting Add Customer Test **********
2022-03-02 15:59:12,597 - root - INFO - ************* Providing customer info **********
2022-03-02 16:01:45,112 - root - INFO - ************* Test_003_AddCustomer **********
2022-03-02 16:01:56,342 - root - INFO - ************* Login successful **********
2022-03-02 16:01:56,342 - root - INFO - ******* Starting Add Customer Test **********
2022-03-02 16:02:09,935 - root - INFO - ************* Providing customer info **********
2022-03-02 16:09:19,791 - root - INFO - ************* Test_003_AddCustomer **********
2022-03-02 16:09:30,523 - root - INFO - ************* Login successful **********
2022-03-02 16:09:30,523 - root - INFO - ******* Starting Add Customer Test **********
2022-03-02 16:09:43,687 - root - INFO - ************* Providing customer info **********
2022-03-02 16:10:36,217 - root - INFO - ************* Saving customer info **********
2022-03-02 16:10:36,218 - root - INFO - ********* Add customer validation started *****************
2022-03-02 16:10:36,309 - root - INFO - ********* Add customer Test Passed *********
2022-03-02 16:10:36,467 - root - INFO - ******* Ending Add customer test **********
2022-03-02 16:16:50,472 - root - INFO - ************* Test_003_AddCustomer **********
2022-03-02 16:17:01,229 - root - INFO - ************* Login successful **********
2022-03-02 16:17:01,229 - root - INFO - ******* Starting Add Customer Test **********
2022-03-02 16:17:14,902 - root - INFO - ************* Providing customer info **********
2022-03-02 16:21:15,971 - root - INFO - ************* Test_003_AddCustomer **********
2022-03-02 16:21:26,916 - root - INFO - ************* Login successful **********
2022-03-02 16:21:26,917 - root - INFO - ******* Starting Add Customer Test **********
2022-03-02 16:21:40,705 - root - INFO - ************* Providing customer info **********
2022-03-02 16:23:04,225 - root - INFO - ************* Test_003_AddCustomer **********
2022-03-02 16:23:15,686 - root - INFO - ************* Login successful **********
2022-03-02 16:23:15,686 - root - INFO - ******* Starting Add Customer Test **********
2022-03-02 16:23:29,543 - root - INFO - ************* Providing customer info **********
2022-03-02 16:24:07,061 - root - INFO - ************* Saving customer info **********
2022-03-02 16:24:07,062 - root - INFO - ********* Add customer validation started *****************
2022-03-02 16:24:07,159 - root - INFO - ********* Add customer Test Passed *********
2022-03-02 16:24:07,289 - root - INFO - ******* Ending Add customer test **********
2022-03-02 17:20:50,082 - root - INFO - ************* Test_003_AddCustomer **********
2022-03-02 17:20:50,082 - root - INFO - ************* Test_003_AddCustomer **********
2022-03-02 17:20:50,082 - root - INFO - ************* Test_003_AddCustomer **********
2022-03-02 17:20:50,082 - root - INFO - ************* Test_003_AddCustomer **********
2022-03-02 17:20:50,082 - root - INFO - ************* Test_003_AddCustomer **********
2022-03-02 17:21:00,354 - root - INFO - ************* Login successful **********
2022-03-02 17:21:00,354 - root - INFO - ************* Login successful **********
2022-03-02 17:21:00,354 - root - INFO - ************* Login successful **********
2022-03-02 17:21:00,354 - root - INFO - ************* Login successful **********
2022-03-02 17:21:00,354 - root - INFO - ************* Login successful **********
2022-03-02 17:21:00,354 - root - INFO - ******* Starting Add Customer Test **********
2022-03-02 17:21:00,354 - root - INFO - ******* Starting Add Customer Test **********
2022-03-02 17:21:00,354 - root - INFO - ******* Starting Add Customer Test **********
2022-03-02 17:21:00,354 - root - INFO - ******* Starting Add Customer Test **********
2022-03-02 17:21:00,354 - root - INFO - ******* Starting Add Customer Test **********
2022-03-02 17:21:15,455 - root - INFO - ************* Providing customer info **********
2022-03-02 17:21:15,455 - root - INFO - ************* Providing customer info **********
2022-03-02 17:21:15,455 - root - INFO - ************* Providing customer info **********
2022-03-02 17:21:15,455 - root - INFO - ************* Providing customer info **********
2022-03-02 17:21:15,455 - root - INFO - ************* Providing customer info **********
2022-03-02 17:21:53,284 - root - INFO - ************* Saving customer info **********
2022-03-02 17:21:53,284 - root - INFO - ************* Saving customer info **********
2022-03-02 17:21:53,284 - root - INFO - ************* Saving customer info **********
2022-03-02 17:21:53,284 - root - INFO - ************* Saving customer info **********
2022-03-02 17:21:53,284 - root - INFO - ************* Saving customer info **********
2022-03-02 17:21:53,285 - root - INFO - ********* Add customer validation started *****************
2022-03-02 17:21:53,285 - root - INFO - ********* Add customer validation started *****************
2022-03-02 17:21:53,285 - root - INFO - ********* Add customer validation started *****************
2022-03-02 17:21:53,285 - root - INFO - ********* Add customer validation started *****************
2022-03-02 17:21:53,285 - root - INFO - ********* Add customer validation started *****************
2022-03-02 17:21:53,396 - root - INFO - ********* Add customer Test Passed *********
2022-03-02 17:21:53,396 - root - INFO - ********* Add customer Test Passed *********
2022-03-02 17:21:53,396 - root - INFO - ********* Add customer Test Passed *********
2022-03-02 17:21:53,396 - root - INFO - ********* Add customer Test Passed *********
2022-03-02 17:21:53,396 - root - INFO - ********* Add customer Test Passed *********
2022-03-02 17:21:53,577 - root - INFO - ******* Ending Add customer test **********
2022-03-02 17:21:53,577 - root - INFO - ******* Ending Add customer test **********
2022-03-02 17:21:53,577 - root - INFO - ******* Ending Add customer test **********
2022-03-02 17:21:53,577 - root - INFO - ******* Ending Add customer test **********
2022-03-02 17:21:53,577 - root - INFO - ******* Ending Add customer test **********
2022-03-02 17:21:55,459 - root - INFO - ******************** Test_001_Login***************
2022-03-02 17:21:55,459 - root - INFO - ******************** Test_001_Login***************
2022-03-02 17:21:55,459 - root - INFO - ******************** Test_001_Login***************
2022-03-02 17:21:55,459 - root - INFO - ******************** Test_001_Login***************
2022-03-02 17:21:55,459 - root - INFO - ******************** Test_001_Login***************
2022-03-02 17:21:55,459 - root - INFO - *****************Verifying Home Page Title***************
2022-03-02 17:21:55,459 - root - INFO - *****************Verifying Home Page Title***************
2022-03-02 17:21:55,459 - root - INFO - *****************Verifying Home Page Title***************
2022-03-02 17:21:55,459 - root - INFO - *****************Verifying Home Page Title***************
2022-03-02 17:21:55,459 - root - INFO - *****************Verifying Home Page Title***************
2022-03-02 17:21:55,460 - root - INFO - ****Opening URL****
2022-03-02 17:21:55,460 - root - INFO - ****Opening URL****
2022-03-02 17:21:55,460 - root - INFO - ****Opening URL****
2022-03-02 17:21:55,460 - root - INFO - ****Opening URL****
2022-03-02 17:21:55,460 - root - INFO - ****Opening URL****
2022-03-02 17:21:59,298 - root - INFO - ******************Home Page Title is TC is PASS!******************
2022-03-02 17:21:59,298 - root - INFO - ******************Home Page Title is TC is PASS!******************
2022-03-02 17:21:59,298 - root - INFO - ******************Home Page Title is TC is PASS!******************
2022-03-02 17:21:59,298 - root - INFO - ******************Home Page Title is TC is PASS!******************
2022-03-02 17:21:59,298 - root - INFO - ******************Home Page Title is TC is PASS!******************
2022-03-02 17:22:01,704 - root - INFO - ************************Verifying Login Test******************
2022-03-02 17:22:01,704 - root - INFO - ************************Verifying Login Test******************
2022-03-02 17:22:01,704 - root - INFO - ************************Verifying Login Test******************
2022-03-02 17:22:01,704 - root - INFO - ************************Verifying Login Test******************
2022-03-02 17:22:01,704 - root - INFO - ************************Verifying Login Test******************
2022-03-02 17:22:13,737 - root - INFO - ************************ Login Test PASSED!************************
2022-03-02 17:22:13,737 - root - INFO - ************************ Login Test PASSED!************************
2022-03-02 17:22:13,737 - root - INFO - ************************ Login Test PASSED!************************
2022-03-02 17:22:13,737 - root - INFO - ************************ Login Test PASSED!************************
2022-03-02 17:22:13,737 - root - INFO - ************************ Login Test PASSED!************************
2022-03-02 17:22:21,080 - root - INFO - ******* Starting Test_002_DDT_Login Test **********
2022-03-02 17:22:21,080 - root - INFO - ******* Starting Test_002_DDT_Login Test **********
2022-03-02 17:22:21,080 - root - INFO - ******* Starting Test_002_DDT_Login Test **********
2022-03-02 17:22:21,080 - root - INFO - ******* Starting Test_002_DDT_Login Test **********
2022-03-02 17:22:21,080 - root - INFO - ******* Starting Test_002_DDT_Login Test **********
2022-03-02 17:22:21,081 - root - INFO - ******* Starting Login DDT Test **********
2022-03-02 17:22:21,081 - root - INFO - ******* Starting Login DDT Test **********
2022-03-02 17:22:21,081 - root - INFO - ******* Starting Login DDT Test **********
2022-03-02 17:22:21,081 - root - INFO - ******* Starting Login DDT Test **********
2022-03-02 17:22:21,081 - root - INFO - ******* Starting Login DDT Test **********
2022-03-02 17:22:37,355 - root - INFO - **** passed ****
2022-03-02 17:22:37,355 - root - INFO - **** passed ****
2022-03-02 17:22:37,355 - root - INFO - **** passed ****
2022-03-02 17:22:37,355 - root - INFO - **** passed ****
2022-03-02 17:22:37,355 - root - INFO - **** passed ****
2022-03-02 17:22:50,433 - root - INFO - **** passed ****
2022-03-02 17:22:50,433 - root - INFO - **** passed ****
2022-03-02 17:22:50,433 - root - INFO - **** passed ****
2022-03-02 17:22:50,433 - root - INFO - **** passed ****
2022-03-02 17:22:50,433 - root - INFO - **** passed ****
2022-03-02 17:22:59,068 - root - INFO - **** passed ****
2022-03-02 17:22:59,068 - root - INFO - **** passed ****
2022-03-02 17:22:59,068 - root - INFO - **** passed ****
2022-03-02 17:22:59,068 - root - INFO - **** passed ****
2022-03-02 17:22:59,068 - root - INFO - **** passed ****
2022-03-02 17:23:07,697 - root - INFO - **** passed ****
2022-03-02 17:23:07,697 - root - INFO - **** passed ****
2022-03-02 17:23:07,697 - root - INFO - **** passed ****
2022-03-02 17:23:07,697 - root - INFO - **** passed ****
2022-03-02 17:23:07,697 - root - INFO - **** passed ****
2022-03-02 17:23:07,698 - root - INFO - ******* DDT Login test passed **********
2022-03-02 17:23:07,698 - root - INFO - ******* DDT Login test passed **********
2022-03-02 17:23:07,698 - root - INFO - ******* DDT Login test passed **********
2022-03-02 17:23:07,698 - root - INFO - ******* DDT Login test passed **********
2022-03-02 17:23:07,698 - root - INFO - ******* DDT Login test passed **********
2022-03-02 17:23:07,858 - root - INFO - ******* End of Login DDT Test **********
2022-03-02 17:23:07,858 - root - INFO - ******* End of Login DDT Test **********
2022-03-02 17:23:07,858 - root - INFO - ******* End of Login DDT Test **********
2022-03-02 17:23:07,858 - root - INFO - ******* End of Login DDT Test **********
2022-03-02 17:23:07,858 - root - INFO - ******* End of Login DDT Test **********
2022-03-02 17:23:07,859 - root - INFO - **************** Completed  TC_LoginDDT_002 ************* 
2022-03-02 17:23:07,859 - root - INFO - **************** Completed  TC_LoginDDT_002 ************* 
2022-03-02 17:23:07,859 - root - INFO - **************** Completed  TC_LoginDDT_002 ************* 
2022-03-02 17:23:07,859 - root - INFO - **************** Completed  TC_LoginDDT_002 ************* 
2022-03-02 17:23:07,859 - root - INFO - **************** Completed  TC_LoginDDT_002 ************* 
2022-03-02 17:23:09,857 - root - INFO - ************* SearchCustomerByEmail_004 **********
2022-03-02 17:23:09,857 - root - INFO - ************* SearchCustomerByEmail_004 **********
2022-03-02 17:23:09,857 - root - INFO - ************* SearchCustomerByEmail_004 **********
2022-03-02 17:23:09,857 - root - INFO - ************* SearchCustomerByEmail_004 **********
2022-03-02 17:23:09,857 - root - INFO - ************* SearchCustomerByEmail_004 **********
2022-03-02 17:23:19,568 - root - INFO - ************* Login successful **********
2022-03-02 17:23:19,568 - root - INFO - ************* Login successful **********
2022-03-02 17:23:19,568 - root - INFO - ************* Login successful **********
2022-03-02 17:23:19,568 - root - INFO - ************* Login successful **********
2022-03-02 17:23:19,568 - root - INFO - ************* Login successful **********
2022-03-02 17:23:19,569 - root - INFO - ******* Starting Search Customer By Email **********
2022-03-02 17:23:19,569 - root - INFO - ******* Starting Search Customer By Email **********
2022-03-02 17:23:19,569 - root - INFO - ******* Starting Search Customer By Email **********
2022-03-02 17:23:19,569 - root - INFO - ******* Starting Search Customer By Email **********
2022-03-02 17:23:19,569 - root - INFO - ******* Starting Search Customer By Email **********
2022-03-02 17:23:26,546 - root - INFO - ************* searching customer by emailID **********
2022-03-02 17:23:26,546 - root - INFO - ************* searching customer by emailID **********
2022-03-02 17:23:26,546 - root - INFO - ************* searching customer by emailID **********
2022-03-02 17:23:26,546 - root - INFO - ************* searching customer by emailID **********
2022-03-02 17:23:26,546 - root - INFO - ************* searching customer by emailID **********
2022-03-02 17:23:31,867 - root - INFO - ***************  TC_SearchCustomerByEmail_004 Finished  *********** 
2022-03-02 17:23:31,867 - root - INFO - ***************  TC_SearchCustomerByEmail_004 Finished  *********** 
2022-03-02 17:23:31,867 - root - INFO - ***************  TC_SearchCustomerByEmail_004 Finished  *********** 
2022-03-02 17:23:31,867 - root - INFO - ***************  TC_SearchCustomerByEmail_004 Finished  *********** 
2022-03-02 17:23:31,867 - root - INFO - ***************  TC_SearchCustomerByEmail_004 Finished  *********** 
2022-03-02 17:23:34,051 - root - INFO - ************* SearchCustomerByName_005 **********
2022-03-02 17:23:34,051 - root - INFO - ************* SearchCustomerByName_005 **********
2022-03-02 17:23:34,051 - root - INFO - ************* SearchCustomerByName_005 **********
2022-03-02 17:23:34,051 - root - INFO - ************* SearchCustomerByName_005 **********
2022-03-02 17:23:34,051 - root - INFO - ************* SearchCustomerByName_005 **********
2022-03-02 17:23:45,206 - root - INFO - ************* Login succesful **********
2022-03-02 17:23:45,206 - root - INFO - ************* Login succesful **********
2022-03-02 17:23:45,206 - root - INFO - ************* Login succesful **********
2022-03-02 17:23:45,206 - root - INFO - ************* Login succesful **********
2022-03-02 17:23:45,206 - root - INFO - ************* Login succesful **********
2022-03-02 17:23:45,207 - root - INFO - ******* Starting Search Customer By Name **********
2022-03-02 17:23:45,207 - root - INFO - ******* Starting Search Customer By Name **********
2022-03-02 17:23:45,207 - root - INFO - ******* Starting Search Customer By Name **********
2022-03-02 17:23:45,207 - root - INFO - ******* Starting Search Customer By Name **********
2022-03-02 17:23:45,207 - root - INFO - ******* Starting Search Customer By Name **********
2022-03-02 17:23:54,027 - root - INFO - ************* searching customer by Name **********
2022-03-02 17:23:54,027 - root - INFO - ************* searching customer by Name **********
2022-03-02 17:23:54,027 - root - INFO - ************* searching customer by Name **********
2022-03-02 17:23:54,027 - root - INFO - ************* searching customer by Name **********
2022-03-02 17:23:54,027 - root - INFO - ************* searching customer by Name **********
2022-03-02 17:23:59,445 - root - INFO - ***************  TC_SearchCustomerByName_005 Finished  *********** 
2022-03-02 17:23:59,445 - root - INFO - ***************  TC_SearchCustomerByName_005 Finished  *********** 
2022-03-02 17:23:59,445 - root - INFO - ***************  TC_SearchCustomerByName_005 Finished  *********** 
2022-03-02 17:23:59,445 - root - INFO - ***************  TC_SearchCustomerByName_005 Finished  *********** 
2022-03-02 17:23:59,445 - root - INFO - ***************  TC_SearchCustomerByName_005 Finished  *********** 
2022-03-02 19:21:29,374 - root - INFO - ************* Test_003_AddCustomer **********
2022-03-02 19:21:29,374 - root - INFO - ************* Test_003_AddCustomer **********
2022-03-02 19:21:29,374 - root - INFO - ************* Test_003_AddCustomer **********
2022-03-02 19:21:29,374 - root - INFO - ************* Test_003_AddCustomer **********
2022-03-02 19:21:29,374 - root - INFO - ************* Test_003_AddCustomer **********
2022-03-02 19:21:40,611 - root - INFO - ************* Login successful **********
2022-03-02 19:21:40,611 - root - INFO - ************* Login successful **********
2022-03-02 19:21:40,611 - root - INFO - ************* Login successful **********
2022-03-02 19:21:40,611 - root - INFO - ************* Login successful **********
2022-03-02 19:21:40,611 - root - INFO - ************* Login successful **********
2022-03-02 19:21:40,612 - root - INFO - ******* Starting Add Customer Test **********
2022-03-02 19:21:40,612 - root - INFO - ******* Starting Add Customer Test **********
2022-03-02 19:21:40,612 - root - INFO - ******* Starting Add Customer Test **********
2022-03-02 19:21:40,612 - root - INFO - ******* Starting Add Customer Test **********
2022-03-02 19:21:40,612 - root - INFO - ******* Starting Add Customer Test **********
2022-03-02 19:21:56,429 - root - INFO - ************* Providing customer info **********
2022-03-02 19:21:56,429 - root - INFO - ************* Providing customer info **********
2022-03-02 19:21:56,429 - root - INFO - ************* Providing customer info **********
2022-03-02 19:21:56,429 - root - INFO - ************* Providing customer info **********
2022-03-02 19:21:56,429 - root - INFO - ************* Providing customer info **********
2022-03-02 19:22:34,187 - root - INFO - ************* Saving customer info **********
2022-03-02 19:22:34,187 - root - INFO - ************* Saving customer info **********
2022-03-02 19:22:34,187 - root - INFO - ************* Saving customer info **********
2022-03-02 19:22:34,187 - root - INFO - ************* Saving customer info **********
2022-03-02 19:22:34,187 - root - INFO - ************* Saving customer info **********
2022-03-02 19:22:34,187 - root - INFO - ********* Add customer validation started *****************
2022-03-02 19:22:34,187 - root - INFO - ********* Add customer validation started *****************
2022-03-02 19:22:34,187 - root - INFO - ********* Add customer validation started *****************
2022-03-02 19:22:34,187 - root - INFO - ********* Add customer validation started *****************
2022-03-02 19:22:34,187 - root - INFO - ********* Add customer validation started *****************
2022-03-02 19:22:34,290 - root - INFO - ********* Add customer Test Passed *********
2022-03-02 19:22:34,290 - root - INFO - ********* Add customer Test Passed *********
2022-03-02 19:22:34,290 - root - INFO - ********* Add customer Test Passed *********
2022-03-02 19:22:34,290 - root - INFO - ********* Add customer Test Passed *********
2022-03-02 19:22:34,290 - root - INFO - ********* Add customer Test Passed *********
2022-03-02 19:22:34,470 - root - INFO - ******* Ending Add customer test **********
2022-03-02 19:22:34,470 - root - INFO - ******* Ending Add customer test **********
2022-03-02 19:22:34,470 - root - INFO - ******* Ending Add customer test **********
2022-03-02 19:22:34,470 - root - INFO - ******* Ending Add customer test **********
2022-03-02 19:22:34,470 - root - INFO - ******* Ending Add customer test **********
2022-03-02 19:22:37,676 - root - INFO - ************************Verifying Login Test******************
2022-03-02 19:22:37,676 - root - INFO - ************************Verifying Login Test******************
2022-03-02 19:22:37,676 - root - INFO - ************************Verifying Login Test******************
2022-03-02 19:22:37,676 - root - INFO - ************************Verifying Login Test******************
2022-03-02 19:22:37,676 - root - INFO - ************************Verifying Login Test******************
2022-03-02 19:22:52,048 - root - INFO - ************************ Login Test PASSED!************************
2022-03-02 19:22:52,048 - root - INFO - ************************ Login Test PASSED!************************
2022-03-02 19:22:52,048 - root - INFO - ************************ Login Test PASSED!************************
2022-03-02 19:22:52,048 - root - INFO - ************************ Login Test PASSED!************************
2022-03-02 19:22:52,048 - root - INFO - ************************ Login Test PASSED!************************
2022-03-02 19:41:56,800 - root - INFO - ************* Test_003_AddCustomer **********
2022-03-02 19:41:56,800 - root - INFO - ************* Test_003_AddCustomer **********
2022-03-02 19:41:56,800 - root - INFO - ************* Test_003_AddCustomer **********
2022-03-02 19:41:56,800 - root - INFO - ************* Test_003_AddCustomer **********
2022-03-02 19:41:56,800 - root - INFO - ************* Test_003_AddCustomer **********
2022-03-02 19:42:08,160 - root - INFO - ************* Login successful **********
2022-03-02 19:42:08,160 - root - INFO - ************* Login successful **********
2022-03-02 19:42:08,160 - root - INFO - ************* Login successful **********
2022-03-02 19:42:08,160 - root - INFO - ************* Login successful **********
2022-03-02 19:42:08,160 - root - INFO - ************* Login successful **********
2022-03-02 19:42:08,161 - root - INFO - ******* Starting Add Customer Test **********
2022-03-02 19:42:08,161 - root - INFO - ******* Starting Add Customer Test **********
2022-03-02 19:42:08,161 - root - INFO - ******* Starting Add Customer Test **********
2022-03-02 19:42:08,161 - root - INFO - ******* Starting Add Customer Test **********
2022-03-02 19:42:08,161 - root - INFO - ******* Starting Add Customer Test **********
2022-03-02 19:42:22,256 - root - INFO - ************* Providing customer info **********
2022-03-02 19:42:22,256 - root - INFO - ************* Providing customer info **********
2022-03-02 19:42:22,256 - root - INFO - ************* Providing customer info **********
2022-03-02 19:42:22,256 - root - INFO - ************* Providing customer info **********
2022-03-02 19:42:22,256 - root - INFO - ************* Providing customer info **********
2022-03-02 19:42:59,684 - root - INFO - ************* Saving customer info **********
2022-03-02 19:42:59,684 - root - INFO - ************* Saving customer info **********
2022-03-02 19:42:59,684 - root - INFO - ************* Saving customer info **********
2022-03-02 19:42:59,684 - root - INFO - ************* Saving customer info **********
2022-03-02 19:42:59,684 - root - INFO - ************* Saving customer info **********
2022-03-02 19:42:59,685 - root - INFO - ********* Add customer validation started *****************
2022-03-02 19:42:59,685 - root - INFO - ********* Add customer validation started *****************
2022-03-02 19:42:59,685 - root - INFO - ********* Add customer validation started *****************
2022-03-02 19:42:59,685 - root - INFO - ********* Add customer validation started *****************
2022-03-02 19:42:59,685 - root - INFO - ********* Add customer validation started *****************
2022-03-02 19:42:59,780 - root - INFO - ********* Add customer Test Passed *********
2022-03-02 19:42:59,780 - root - INFO - ********* Add customer Test Passed *********
2022-03-02 19:42:59,780 - root - INFO - ********* Add customer Test Passed *********
2022-03-02 19:42:59,780 - root - INFO - ********* Add customer Test Passed *********
2022-03-02 19:42:59,780 - root - INFO - ********* Add customer Test Passed *********
2022-03-02 19:42:59,968 - root - INFO - ******* Ending Add customer test **********
2022-03-02 19:42:59,968 - root - INFO - ******* Ending Add customer test **********
2022-03-02 19:42:59,968 - root - INFO - ******* Ending Add customer test **********
2022-03-02 19:42:59,968 - root - INFO - ******* Ending Add customer test **********
2022-03-02 19:42:59,968 - root - INFO - ******* Ending Add customer test **********
2022-03-02 19:43:02,510 - root - INFO - ************************Verifying Login Test******************
2022-03-02 19:43:02,510 - root - INFO - ************************Verifying Login Test******************
2022-03-02 19:43:02,510 - root - INFO - ************************Verifying Login Test******************
2022-03-02 19:43:02,510 - root - INFO - ************************Verifying Login Test******************
2022-03-02 19:43:02,510 - root - INFO - ************************Verifying Login Test******************
2022-03-02 19:43:15,156 - root - INFO - ************************ Login Test PASSED!************************
2022-03-02 19:43:15,156 - root - INFO - ************************ Login Test PASSED!************************
2022-03-02 19:43:15,156 - root - INFO - ************************ Login Test PASSED!************************
2022-03-02 19:43:15,156 - root - INFO - ************************ Login Test PASSED!************************
2022-03-02 19:43:15,156 - root - INFO - ************************ Login Test PASSED!************************
2022-03-02 19:50:23,567 - root - INFO - ************* Test_003_AddCustomer **********
2022-03-02 19:50:23,567 - root - INFO - ************* Test_003_AddCustomer **********
2022-03-02 19:50:23,567 - root - INFO - ************* Test_003_AddCustomer **********
2022-03-02 19:50:23,567 - root - INFO - ************* Test_003_AddCustomer **********
2022-03-02 19:50:23,567 - root - INFO - ************* Test_003_AddCustomer **********
2022-03-02 19:50:34,712 - root - INFO - ************* Login successful **********
2022-03-02 19:50:34,712 - root - INFO - ************* Login successful **********
2022-03-02 19:50:34,712 - root - INFO - ************* Login successful **********
2022-03-02 19:50:34,712 - root - INFO - ************* Login successful **********
2022-03-02 19:50:34,712 - root - INFO - ************* Login successful **********
2022-03-02 19:50:34,713 - root - INFO - ******* Starting Add Customer Test **********
2022-03-02 19:50:34,713 - root - INFO - ******* Starting Add Customer Test **********
2022-03-02 19:50:34,713 - root - INFO - ******* Starting Add Customer Test **********
2022-03-02 19:50:34,713 - root - INFO - ******* Starting Add Customer Test **********
2022-03-02 19:50:34,713 - root - INFO - ******* Starting Add Customer Test **********
2022-03-02 19:50:47,975 - root - INFO - ************* Providing customer info **********
2022-03-02 19:50:47,975 - root - INFO - ************* Providing customer info **********
2022-03-02 19:50:47,975 - root - INFO - ************* Providing customer info **********
2022-03-02 19:50:47,975 - root - INFO - ************* Providing customer info **********
2022-03-02 19:50:47,975 - root - INFO - ************* Providing customer info **********
2022-03-02 19:51:25,343 - root - INFO - ************* Saving customer info **********
2022-03-02 19:51:25,343 - root - INFO - ************* Saving customer info **********
2022-03-02 19:51:25,343 - root - INFO - ************* Saving customer info **********
2022-03-02 19:51:25,343 - root - INFO - ************* Saving customer info **********
2022-03-02 19:51:25,343 - root - INFO - ************* Saving customer info **********
2022-03-02 19:51:25,343 - root - INFO - ********* Add customer validation started *****************
2022-03-02 19:51:25,343 - root - INFO - ********* Add customer validation started *****************
2022-03-02 19:51:25,343 - root - INFO - ********* Add customer validation started *****************
2022-03-02 19:51:25,343 - root - INFO - ********* Add customer validation started *****************
2022-03-02 19:51:25,343 - root - INFO - ********* Add customer validation started *****************
2022-03-02 19:51:25,434 - root - INFO - ********* Add customer Test Passed *********
2022-03-02 19:51:25,434 - root - INFO - ********* Add customer Test Passed *********
2022-03-02 19:51:25,434 - root - INFO - ********* Add customer Test Passed *********
2022-03-02 19:51:25,434 - root - INFO - ********* Add customer Test Passed *********
2022-03-02 19:51:25,434 - root - INFO - ********* Add customer Test Passed *********
2022-03-02 19:51:25,579 - root - INFO - ******* Ending Add customer test **********
2022-03-02 19:51:25,579 - root - INFO - ******* Ending Add customer test **********
2022-03-02 19:51:25,579 - root - INFO - ******* Ending Add customer test **********
2022-03-02 19:51:25,579 - root - INFO - ******* Ending Add customer test **********
2022-03-02 19:51:25,579 - root - INFO - ******* Ending Add customer test **********
2022-03-02 19:51:27,461 - root - INFO - ************************Verifying Login Test******************
2022-03-02 19:51:27,461 - root - INFO - ************************Verifying Login Test******************
2022-03-02 19:51:27,461 - root - INFO - ************************Verifying Login Test******************
2022-03-02 19:51:27,461 - root - INFO - ************************Verifying Login Test******************
2022-03-02 19:51:27,461 - root - INFO - ************************Verifying Login Test******************
2022-03-02 19:51:41,754 - root - INFO - ************************ Login Test PASSED!************************
2022-03-02 19:51:41,754 - root - INFO - ************************ Login Test PASSED!************************
2022-03-02 19:51:41,754 - root - INFO - ************************ Login Test PASSED!************************
2022-03-02 19:51:41,754 - root - INFO - ************************ Login Test PASSED!************************
2022-03-02 19:51:41,754 - root - INFO - ************************ Login Test PASSED!************************
2022-03-02 19:51:57,179 - root - INFO - ************* Test_003_AddCustomer **********
2022-03-02 19:51:57,179 - root - INFO - ************* Test_003_AddCustomer **********
2022-03-02 19:51:57,179 - root - INFO - ************* Test_003_AddCustomer **********
2022-03-02 19:51:57,179 - root - INFO - ************* Test_003_AddCustomer **********
2022-03-02 19:51:57,179 - root - INFO - ************* Test_003_AddCustomer **********
2022-03-02 19:52:22,635 - root - INFO - ************* Login successful **********
2022-03-02 19:52:22,635 - root - INFO - ************* Login successful **********
2022-03-02 19:52:22,635 - root - INFO - ************* Login successful **********
2022-03-02 19:52:22,635 - root - INFO - ************* Login successful **********
2022-03-02 19:52:22,635 - root - INFO - ************* Login successful **********
2022-03-02 19:52:22,636 - root - INFO - ******* Starting Add Customer Test **********
2022-03-02 19:52:22,636 - root - INFO - ******* Starting Add Customer Test **********
2022-03-02 19:52:22,636 - root - INFO - ******* Starting Add Customer Test **********
2022-03-02 19:52:22,636 - root - INFO - ******* Starting Add Customer Test **********
2022-03-02 19:52:22,636 - root - INFO - ******* Starting Add Customer Test **********
2022-03-02 19:52:36,634 - root - INFO - ************************Verifying Login Test******************
2022-03-02 19:52:36,634 - root - INFO - ************************Verifying Login Test******************
2022-03-02 19:52:36,634 - root - INFO - ************************Verifying Login Test******************
2022-03-02 19:52:36,634 - root - INFO - ************************Verifying Login Test******************
2022-03-02 19:52:36,634 - root - INFO - ************************Verifying Login Test******************
2022-03-02 19:53:04,677 - root - INFO - ************************ Login Test PASSED!************************
2022-03-02 19:53:04,677 - root - INFO - ************************ Login Test PASSED!************************
2022-03-02 19:53:04,677 - root - INFO - ************************ Login Test PASSED!************************
2022-03-02 19:53:04,677 - root - INFO - ************************ Login Test PASSED!************************
2022-03-02 19:53:04,677 - root - INFO - ************************ Login Test PASSED!************************
